# JRE version: OpenJDK Runtime Environment (8.0_242-b01) (build 1.8.0_242-release-1644-b01)
# Java VM: OpenJDK 64-Bit Server VM (25.242-b01 mixed mode windows-amd64 compressed oops)
Heap:
 PSYoungGen      total 635904K, used 410581K [0x00000000d5580000, 0x0000000100000000, 0x0000000100000000)
  eden space 592384K, 62% used [0x00000000d5580000,0x00000000ebc2eba0,0x00000000f9800000)
  from space 43520K, 99% used [0x00000000f9800000,0x00000000fc246b80,0x00000000fc280000)
  to   space 58368K, 0% used [0x00000000fc700000,0x00000000fc700000,0x0000000100000000)
 ParOldGen       total 163328K, used 90568K [0x0000000080000000, 0x0000000089f80000, 0x00000000d5580000)
  object space 163328K, 55% used [0x0000000080000000,0x00000000858722e0,0x0000000089f80000)
 Metaspace       used 125893K, capacity 131662K, committed 131800K, reserved 1163264K
  class space    used 16372K, capacity 17545K, committed 17664K, reserved 1048576K
GC Heap History (10 events):
Event: 15.372 GC heap before
{Heap before GC invocations=13 (full 3):
 PSYoungGen      total 484864K, used 463872K [0x00000000d5580000, 0x00000000fc400000, 0x0000000100000000)
  eden space 463872K, 100% used [0x00000000d5580000,0x00000000f1a80000,0x00000000f1a80000)
  from space 20992K, 0% used [0x00000000f1a80000,0x00000000f1a80000,0x00000000f2f00000)
  to   space 25088K, 0% used [0x00000000fab80000,0x00000000fab80000,0x00000000fc400000)
 ParOldGen       total 100864K, used 35174K [0x0000000080000000, 0x0000000086280000, 0x00000000d5580000)
  object space 100864K, 34% used [0x0000000080000000,0x0000000082259ba8,0x0000000086280000)
 Metaspace       used 79055K, capacity 83432K, committed 83800K, reserved 1122304K
  class space    used 10755K, capacity 11577K, committed 11648K, reserved 1048576K
Event: 15.409 GC heap after
Heap after GC invocations=13 (full 3):
 PSYoungGen      total 604672K, used 25082K [0x00000000d5580000, 0x00000000fea00000, 0x0000000100000000)
  eden space 579584K, 0% used [0x00000000d5580000,0x00000000d5580000,0x00000000f8b80000)
  from space 25088K, 99% used [0x00000000fab80000,0x00000000fc3fe830,0x00000000fc400000)
  to   space 32768K, 0% used [0x00000000f8b80000,0x00000000f8b80000,0x00000000fab80000)
 ParOldGen       total 100864K, used 45666K [0x0000000080000000, 0x0000000086280000, 0x00000000d5580000)
  object space 100864K, 45% used [0x0000000080000000,0x0000000082c988f8,0x0000000086280000)
 Metaspace       used 79055K, capacity 83432K, committed 83800K, reserved 1122304K
  class space    used 10755K, capacity 11577K, committed 11648K, reserved 1048576K
}
Event: 3607.589 GC heap before
{Heap before GC invocations=14 (full 3):
 PSYoungGen      total 604672K, used 601872K [0x00000000d5580000, 0x00000000fea00000, 0x0000000100000000)
  eden space 579584K, 99% used [0x00000000d5580000,0x00000000f88c5900,0x00000000f8b80000)
  from space 25088K, 99% used [0x00000000fab80000,0x00000000fc3fe830,0x00000000fc400000)
  to   space 32768K, 0% used [0x00000000f8b80000,0x00000000f8b80000,0x00000000fab80000)
 ParOldGen       total 100864K, used 45666K [0x0000000080000000, 0x0000000086280000, 0x00000000d5580000)
  object space 100864K, 45% used [0x0000000080000000,0x0000000082c988f8,0x0000000086280000)
 Metaspace       used 93051K, capacity 98138K, committed 98264K, reserved 1134592K
  class space    used 12314K, capacity 13283K, committed 13312K, reserved 1048576K
Event: 3607.912 GC heap after
Heap after GC invocations=14 (full 3):
 PSYoungGen      total 612352K, used 32767K [0x00000000d5580000, 0x0000000100000000, 0x0000000100000000)
  eden space 579584K, 0% used [0x00000000d5580000,0x00000000d5580000,0x00000000f8b80000)
  from space 32768K, 99% used [0x00000000f8b80000,0x00000000fab7ff00,0x00000000fab80000)
  to   space 48128K, 0% used [0x00000000fd100000,0x00000000fd100000,0x0000000100000000)
 ParOldGen       total 100864K, used 73732K [0x0000000080000000, 0x0000000086280000, 0x00000000d5580000)
  object space 100864K, 73% used [0x0000000080000000,0x00000000848013c8,0x0000000086280000)
 Metaspace       used 93051K, capacity 98138K, committed 98264K, reserved 1134592K
  class space    used 12314K, capacity 13283K, committed 13312K, reserved 1048576K
}
Event: 3607.912 GC heap before
{Heap before GC invocations=15 (full 4):
 PSYoungGen      total 612352K, used 32767K [0x00000000d5580000, 0x0000000100000000, 0x0000000100000000)
  eden space 579584K, 0% used [0x00000000d5580000,0x00000000d5580000,0x00000000f8b80000)
  from space 32768K, 99% used [0x00000000f8b80000,0x00000000fab7ff00,0x00000000fab80000)
  to   space 48128K, 0% used [0x00000000fd100000,0x00000000fd100000,0x0000000100000000)
 ParOldGen       total 100864K, used 73732K [0x0000000080000000, 0x0000000086280000, 0x00000000d5580000)
  object space 100864K, 73% used [0x0000000080000000,0x00000000848013c8,0x0000000086280000)
 Metaspace       used 93051K, capacity 98138K, committed 98264K, reserved 1134592K
  class space    used 12314K, capacity 13283K, committed 13312K, reserved 1048576K
Event: 3608.286 GC heap after
Heap after GC invocations=15 (full 4):
 PSYoungGen      total 612352K, used 0K [0x00000000d5580000, 0x0000000100000000, 0x0000000100000000)
  eden space 579584K, 0% used [0x00000000d5580000,0x00000000d5580000,0x00000000f8b80000)
  from space 32768K, 0% used [0x00000000f8b80000,0x00000000f8b80000,0x00000000fab80000)
  to   space 48128K, 0% used [0x00000000fd100000,0x00000000fd100000,0x0000000100000000)
 ParOldGen       total 163328K, used 69612K [0x0000000080000000, 0x0000000089f80000, 0x00000000d5580000)
  object space 163328K, 42% used [0x0000000080000000,0x00000000843fb278,0x0000000089f80000)
 Metaspace       used 91644K, capacity 95184K, committed 98264K, reserved 1134592K
  class space    used 11987K, capacity 12696K, committed 13312K, reserved 1048576K
}
Event: 3616.196 GC heap before
{Heap before GC invocations=16 (full 4):
 PSYoungGen      total 612352K, used 579584K [0x00000000d5580000, 0x0000000100000000, 0x0000000100000000)
  eden space 579584K, 100% used [0x00000000d5580000,0x00000000f8b80000,0x00000000f8b80000)
  from space 32768K, 0% used [0x00000000f8b80000,0x00000000f8b80000,0x00000000fab80000)
  to   space 48128K, 0% used [0x00000000fd100000,0x00000000fd100000,0x0000000100000000)
 ParOldGen       total 163328K, used 69612K [0x0000000080000000, 0x0000000089f80000, 0x00000000d5580000)
  object space 163328K, 42% used [0x0000000080000000,0x00000000843fb278,0x0000000089f80000)
 Metaspace       used 107069K, capacity 111428K, committed 113112K, reserved 1146880K
  class space    used 14122K, capacity 14988K, committed 15360K, reserved 1048576K
Event: 3616.279 GC heap after
Heap after GC invocations=16 (full 4):
 PSYoungGen      total 640512K, used 39800K [0x00000000d5580000, 0x0000000100000000, 0x0000000100000000)
  eden space 592384K, 0% used [0x00000000d5580000,0x00000000d5580000,0x00000000f9800000)
  from space 48128K, 82% used [0x00000000fd100000,0x00000000ff7de0d8,0x0000000100000000)
  to   space 53248K, 0% used [0x00000000f9800000,0x00000000f9800000,0x00000000fcc00000)
 ParOldGen       total 163328K, used 69620K [0x0000000080000000, 0x0000000089f80000, 0x00000000d5580000)
  object space 163328K, 42% used [0x0000000080000000,0x00000000843fd278,0x0000000089f80000)
 Metaspace       used 107069K, capacity 111428K, committed 113112K, reserved 1146880K
  class space    used 14122K, capacity 14988K, committed 15360K, reserved 1048576K
}
Event: 7962.763 GC heap before
{Heap before GC invocations=17 (full 4):
 PSYoungGen      total 640512K, used 632184K [0x00000000d5580000, 0x0000000100000000, 0x0000000100000000)
  eden space 592384K, 100% used [0x00000000d5580000,0x00000000f9800000,0x00000000f9800000)
  from space 48128K, 82% used [0x00000000fd100000,0x00000000ff7de0d8,0x0000000100000000)
  to   space 53248K, 0% used [0x00000000f9800000,0x00000000f9800000,0x00000000fcc00000)
 ParOldGen       total 163328K, used 69620K [0x0000000080000000, 0x0000000089f80000, 0x00000000d5580000)
  object space 163328K, 42% used [0x0000000080000000,0x00000000843fd278,0x0000000089f80000)
 Metaspace       used 118776K, capacity 123986K, committed 124248K, reserved 1157120K
  class space    used 15424K, capacity 16499K, committed 16512K, reserved 1048576K
Event: 7964.258 GC heap after
Heap after GC invocations=17 (full 4):
 PSYoungGen      total 635904K, used 43290K [0x00000000d5580000, 0x0000000100000000, 0x0000000100000000)
  eden space 592384K, 0% used [0x00000000d5580000,0x00000000d5580000,0x00000000f9800000)
  from space 43520K, 99% used [0x00000000f9800000,0x00000000fc246b80,0x00000000fc280000)
  to   space 58368K, 0% used [0x00000000fc700000,0x00000000fc700000,0x0000000100000000)
 ParOldGen       total 163328K, used 90568K [0x0000000080000000, 0x0000000089f80000, 0x00000000d5580000)
  object space 163328K, 55% used [0x0000000080000000,0x00000000858722e0,0x0000000089f80000)
 Metaspace       used 118776K, capacity 123986K, committed 124248K, reserved 1157120K
  class space    used 15424K, capacity 16499K, committed 16512K, reserved 1048576K
}

